6-22 17:17:02 2021	6784
6-22 17:17:07 2021	6784
6-22 17:17:12 2021	6784
6-22 17:17:17 2021	6784
6-22 17:17:22 2021	6784
6-22 17:17:27 2021	6784
6-22 17:17:32 2021	6912
6-22 17:17:37 2021	6912
6-22 17:17:42 2021	6912
6-22 17:17:47 2021	6912
6-22 17:17:52 2021	6912
6-22 17:17:57 2021	6912
6-22 17:18:02 2021	7040
6-22 17:18:07 2021	7040
6-22 17:18:12 2021	7040
6-22 17:18:17 2021	7040
6-22 17:18:22 2021	7040
6-22 17:18:27 2021	7040
6-22 17:18:32 2021	7168
6-22 17:18:37 2021	7296
6-22 17:18:42 2021	7424
6-22 17:18:47 2021	7680
6-22 17:18:52 2021	7680
6-22 17:18:57 2021	7680
6-22 17:19:02 2021	7680
6-22 17:19:07 2021	7680
6-22 17:19:12 2021	7680
6-22 17:19:17 2021	7680
6-22 17:19:22 2021	7680
6-22 17:19:27 2021	7680
6-22 17:19:32 2021	7680
6-22 17:19:37 2021	7680
6-22 17:19:42 2021	7680
6-22 17:19:47 2021	7680
6-22 17:19:52 2021	7680
6-22 17:19:57 2021	7680
6-22 17:20:02 2021	7680
6-22 17:20:07 2021	7680
6-22 17:20:12 2021	7680
6-22 17:20:17 2021	7680
6-22 17:20:22 2021	7680
6-22 17:20:27 2021	7680
6-22 17:20:32 2021	7680
6-22 17:20:37 2021	7680
6-22 17:20:42 2021	7680
6-22 17:20:47 2021	7680
6-22 17:20:52 2021	7680
6-22 17:20:57 2021	7680
6-22 17:21:02 2021	7680
6-22 17:21:07 2021	7680
6-22 17:21:12 2021	7680
6-22 17:21:17 2021	7680
6-22 17:21:22 2021	7680
6-22 17:21:27 2021	7680
6-22 17:21:32 2021	7680
6-22 17:21:37 2021	7680
6-22 17:21:42 2021	7680
6-22 17:21:47 2021	7680
6-22 17:21:52 2021	7680
6-22 17:21:57 2021	7680
6-22 17:22:02 2021	7680
6-22 17:22:07 2021	7680
6-22 17:22:12 2021	7680
6-22 17:22:17 2021	7680
6-22 17:22:22 2021	7680
6-22 17:22:27 2021	7680
6-22 17:22:32 2021	7680
6-22 17:22:37 2021	7680
6-22 17:22:42 2021	7680
6-22 17:22:47 2021	7680
6-22 17:22:52 2021	7680
6-22 17:22:57 2021	7680
6-22 17:23:02 2021	7680
6-22 17:23:07 2021	7680
6-22 17:23:12 2021	7680
6-22 17:23:17 2021	7680
6-22 17:23:22 2021	7680
6-22 17:23:27 2021	7680
6-22 17:23:32 2021	7680
6-22 17:23:37 2021	7680
6-22 17:23:42 2021	7680
6-22 17:23:47 2021	7680
